<?xml version="1.0" encoding="UTF-8"?>
<testsuite xmlns:xsi="http://www.w3.org/2001/XMLSchema-instance" xsi:noNamespaceSchemaLocation="https://maven.apache.org/surefire/maven-surefire-plugin/xsd/surefire-test-report-3.0.xsd" version="3.0" name="com.automation.runner.TestRunner" time="7.835" tests="4" errors="0" skipped="0" failures="0">
  <properties>
    <property name="java.specification.version" value="17"/>
    <property name="sun.cpu.isalist" value="amd64"/>
    <property name="sun.jnu.encoding" value="Cp1252"/>
    <property name="java.class.path" value="C:\Users\280660\IdeaProjects\RestAssuredFramework\target\test-classes;C:\Users\280660\IdeaProjects\RestAssuredFramework\target\classes;C:\Users\280660\.m2\repository\io\rest-assured\rest-assured\5.4.0\rest-assured-5.4.0.jar;C:\Users\280660\.m2\repository\org\apache\groovy\groovy\4.0.16\groovy-4.0.16.jar;C:\Users\280660\.m2\repository\org\apache\groovy\groovy-xml\4.0.16\groovy-xml-4.0.16.jar;C:\Users\280660\.m2\repository\org\apache\httpcomponents\httpclient\4.5.13\httpclient-4.5.13.jar;C:\Users\280660\.m2\repository\org\apache\httpcomponents\httpcore\4.4.13\httpcore-4.4.13.jar;C:\Users\280660\.m2\repository\commons-logging\commons-logging\1.2\commons-logging-1.2.jar;C:\Users\280660\.m2\repository\commons-codec\commons-codec\1.11\commons-codec-1.11.jar;C:\Users\280660\.m2\repository\org\apache\httpcomponents\httpmime\4.5.13\httpmime-4.5.13.jar;C:\Users\280660\.m2\repository\org\hamcrest\hamcrest\2.2\hamcrest-2.2.jar;C:\Users\280660\.m2\repository\org\ccil\cowan\tagsoup\tagsoup\1.2.1\tagsoup-1.2.1.jar;C:\Users\280660\.m2\repository\io\rest-assured\json-path\5.4.0\json-path-5.4.0.jar;C:\Users\280660\.m2\repository\org\apache\groovy\groovy-json\4.0.16\groovy-json-4.0.16.jar;C:\Users\280660\.m2\repository\io\rest-assured\rest-assured-common\5.4.0\rest-assured-common-5.4.0.jar;C:\Users\280660\.m2\repository\io\rest-assured\xml-path\5.4.0\xml-path-5.4.0.jar;C:\Users\280660\.m2\repository\org\apache\commons\commons-lang3\3.11\commons-lang3-3.11.jar;C:\Users\280660\.m2\repository\io\cucumber\cucumber-java\7.16.1\cucumber-java-7.16.1.jar;C:\Users\280660\.m2\repository\io\cucumber\cucumber-core\7.16.1\cucumber-core-7.16.1.jar;C:\Users\280660\.m2\repository\io\cucumber\cucumber-gherkin\7.16.1\cucumber-gherkin-7.16.1.jar;C:\Users\280660\.m2\repository\io\cucumber\cucumber-gherkin-messages\7.16.1\cucumber-gherkin-messages-7.16.1.jar;C:\Users\280660\.m2\repository\io\cucumber\gherkin\28.0.0\gherkin-28.0.0.jar;C:\Users\280660\.m2\repository\io\cucumber\messages\24.1.0\messages-24.1.0.jar;C:\Users\280660\.m2\repository\io\cucumber\tag-expressions\6.1.0\tag-expressions-6.1.0.jar;C:\Users\280660\.m2\repository\io\cucumber\cucumber-expressions\17.1.0\cucumber-expressions-17.1.0.jar;C:\Users\280660\.m2\repository\io\cucumber\datatable\7.16.1\datatable-7.16.1.jar;C:\Users\280660\.m2\repository\io\cucumber\cucumber-plugin\7.16.1\cucumber-plugin-7.16.1.jar;C:\Users\280660\.m2\repository\io\cucumber\docstring\7.16.1\docstring-7.16.1.jar;C:\Users\280660\.m2\repository\io\cucumber\html-formatter\21.3.0\html-formatter-21.3.0.jar;C:\Users\280660\.m2\repository\io\cucumber\junit-xml-formatter\0.3.0\junit-xml-formatter-0.3.0.jar;C:\Users\280660\.m2\repository\io\cucumber\ci-environment\10.0.1\ci-environment-10.0.1.jar;C:\Users\280660\.m2\repository\org\apiguardian\apiguardian-api\1.1.2\apiguardian-api-1.1.2.jar;C:\Users\280660\.m2\repository\io\cucumber\cucumber-junit\7.16.1\cucumber-junit-7.16.1.jar;C:\Users\280660\.m2\repository\junit\junit\4.12\junit-4.12.jar;C:\Users\280660\.m2\repository\org\hamcrest\hamcrest-core\1.3\hamcrest-core-1.3.jar;C:\Users\280660\.m2\repository\org\projectlombok\lombok\1.18.30\lombok-1.18.30.jar;C:\Users\280660\.m2\repository\com\fasterxml\jackson\core\jackson-databind\2.17.1\jackson-databind-2.17.1.jar;C:\Users\280660\.m2\repository\com\fasterxml\jackson\core\jackson-annotations\2.17.1\jackson-annotations-2.17.1.jar;C:\Users\280660\.m2\repository\com\fasterxml\jackson\core\jackson-core\2.17.1\jackson-core-2.17.1.jar;"/>
    <property name="java.vm.vendor" value="Oracle Corporation"/>
    <property name="sun.arch.data.model" value="64"/>
    <property name="user.variant" value=""/>
    <property name="java.vendor.url" value="https://java.oracle.com/"/>
    <property name="user.timezone" value="Asia/Calcutta"/>
    <property name="os.name" value="Windows 10"/>
    <property name="java.vm.specification.version" value="17"/>
    <property name="sun.java.launcher" value="SUN_STANDARD"/>
    <property name="user.country" value="IN"/>
    <property name="sun.boot.library.path" value="C:\OpenJDK-17.0.1\jdk-17.0.1\bin"/>
    <property name="sun.java.command" value="C:\Users\280660\AppData\Local\Temp\surefire4672901992980868571\surefirebooter-20240805143738606_3.jar C:\Users\280660\AppData\Local\Temp\surefire4672901992980868571 2024-08-05T14-37-38_340-jvmRun1 surefire-20240805143738606_1tmp surefire_0-20240805143738606_2tmp"/>
    <property name="jdk.debug" value="release"/>
    <property name="surefire.test.class.path" value="C:\Users\280660\IdeaProjects\RestAssuredFramework\target\test-classes;C:\Users\280660\IdeaProjects\RestAssuredFramework\target\classes;C:\Users\280660\.m2\repository\io\rest-assured\rest-assured\5.4.0\rest-assured-5.4.0.jar;C:\Users\280660\.m2\repository\org\apache\groovy\groovy\4.0.16\groovy-4.0.16.jar;C:\Users\280660\.m2\repository\org\apache\groovy\groovy-xml\4.0.16\groovy-xml-4.0.16.jar;C:\Users\280660\.m2\repository\org\apache\httpcomponents\httpclient\4.5.13\httpclient-4.5.13.jar;C:\Users\280660\.m2\repository\org\apache\httpcomponents\httpcore\4.4.13\httpcore-4.4.13.jar;C:\Users\280660\.m2\repository\commons-logging\commons-logging\1.2\commons-logging-1.2.jar;C:\Users\280660\.m2\repository\commons-codec\commons-codec\1.11\commons-codec-1.11.jar;C:\Users\280660\.m2\repository\org\apache\httpcomponents\httpmime\4.5.13\httpmime-4.5.13.jar;C:\Users\280660\.m2\repository\org\hamcrest\hamcrest\2.2\hamcrest-2.2.jar;C:\Users\280660\.m2\repository\org\ccil\cowan\tagsoup\tagsoup\1.2.1\tagsoup-1.2.1.jar;C:\Users\280660\.m2\repository\io\rest-assured\json-path\5.4.0\json-path-5.4.0.jar;C:\Users\280660\.m2\repository\org\apache\groovy\groovy-json\4.0.16\groovy-json-4.0.16.jar;C:\Users\280660\.m2\repository\io\rest-assured\rest-assured-common\5.4.0\rest-assured-common-5.4.0.jar;C:\Users\280660\.m2\repository\io\rest-assured\xml-path\5.4.0\xml-path-5.4.0.jar;C:\Users\280660\.m2\repository\org\apache\commons\commons-lang3\3.11\commons-lang3-3.11.jar;C:\Users\280660\.m2\repository\io\cucumber\cucumber-java\7.16.1\cucumber-java-7.16.1.jar;C:\Users\280660\.m2\repository\io\cucumber\cucumber-core\7.16.1\cucumber-core-7.16.1.jar;C:\Users\280660\.m2\repository\io\cucumber\cucumber-gherkin\7.16.1\cucumber-gherkin-7.16.1.jar;C:\Users\280660\.m2\repository\io\cucumber\cucumber-gherkin-messages\7.16.1\cucumber-gherkin-messages-7.16.1.jar;C:\Users\280660\.m2\repository\io\cucumber\gherkin\28.0.0\gherkin-28.0.0.jar;C:\Users\280660\.m2\repository\io\cucumber\messages\24.1.0\messages-24.1.0.jar;C:\Users\280660\.m2\repository\io\cucumber\tag-expressions\6.1.0\tag-expressions-6.1.0.jar;C:\Users\280660\.m2\repository\io\cucumber\cucumber-expressions\17.1.0\cucumber-expressions-17.1.0.jar;C:\Users\280660\.m2\repository\io\cucumber\datatable\7.16.1\datatable-7.16.1.jar;C:\Users\280660\.m2\repository\io\cucumber\cucumber-plugin\7.16.1\cucumber-plugin-7.16.1.jar;C:\Users\280660\.m2\repository\io\cucumber\docstring\7.16.1\docstring-7.16.1.jar;C:\Users\280660\.m2\repository\io\cucumber\html-formatter\21.3.0\html-formatter-21.3.0.jar;C:\Users\280660\.m2\repository\io\cucumber\junit-xml-formatter\0.3.0\junit-xml-formatter-0.3.0.jar;C:\Users\280660\.m2\repository\io\cucumber\ci-environment\10.0.1\ci-environment-10.0.1.jar;C:\Users\280660\.m2\repository\org\apiguardian\apiguardian-api\1.1.2\apiguardian-api-1.1.2.jar;C:\Users\280660\.m2\repository\io\cucumber\cucumber-junit\7.16.1\cucumber-junit-7.16.1.jar;C:\Users\280660\.m2\repository\junit\junit\4.12\junit-4.12.jar;C:\Users\280660\.m2\repository\org\hamcrest\hamcrest-core\1.3\hamcrest-core-1.3.jar;C:\Users\280660\.m2\repository\org\projectlombok\lombok\1.18.30\lombok-1.18.30.jar;C:\Users\280660\.m2\repository\com\fasterxml\jackson\core\jackson-databind\2.17.1\jackson-databind-2.17.1.jar;C:\Users\280660\.m2\repository\com\fasterxml\jackson\core\jackson-annotations\2.17.1\jackson-annotations-2.17.1.jar;C:\Users\280660\.m2\repository\com\fasterxml\jackson\core\jackson-core\2.17.1\jackson-core-2.17.1.jar;"/>
    <property name="sun.cpu.endian" value="little"/>
    <property name="user.home" value="C:\Users\280660"/>
    <property name="user.language" value="en"/>
    <property name="java.specification.vendor" value="Oracle Corporation"/>
    <property name="java.version.date" value="2021-10-19"/>
    <property name="java.home" value="C:\OpenJDK-17.0.1\jdk-17.0.1"/>
    <property name="file.separator" value="\"/>
    <property name="basedir" value="C:\Users\280660\IdeaProjects\RestAssuredFramework"/>
    <property name="java.vm.compressedOopsMode" value="Zero based"/>
    <property name="line.separator" value="&#10;"/>
    <property name="java.vm.specification.vendor" value="Oracle Corporation"/>
    <property name="java.specification.name" value="Java Platform API Specification"/>
    <property name="surefire.real.class.path" value="C:\Users\280660\AppData\Local\Temp\surefire4672901992980868571\surefirebooter-20240805143738606_3.jar"/>
    <property name="user.script" value=""/>
    <property name="sun.management.compiler" value="HotSpot 64-Bit Tiered Compilers"/>
    <property name="java.runtime.version" value="17.0.1+12-39"/>
    <property name="user.name" value="280660"/>
    <property name="path.separator" value=";"/>
    <property name="os.version" value="10.0"/>
    <property name="java.runtime.name" value="OpenJDK Runtime Environment"/>
    <property name="file.encoding" value="Cp1252"/>
    <property name="java.vm.name" value="OpenJDK 64-Bit Server VM"/>
    <property name="localRepository" value="C:\Users\280660\.m2\repository"/>
    <property name="java.vendor.url.bug" value="https://bugreport.java.com/bugreport/"/>
    <property name="java.io.tmpdir" value="C:\Users\280660\AppData\Local\Temp\"/>
    <property name="idea.version" value="2024.1.2"/>
    <property name="java.version" value="17.0.1"/>
    <property name="user.dir" value="C:\Users\280660\IdeaProjects\RestAssuredFramework"/>
    <property name="os.arch" value="amd64"/>
    <property name="java.vm.specification.name" value="Java Virtual Machine Specification"/>
    <property name="sun.os.patch.level" value=""/>
    <property name="native.encoding" value="Cp1252"/>
    <property name="java.library.path" value="C:\OpenJDK-17.0.1\jdk-17.0.1\bin;C:\Windows\Sun\Java\bin;C:\Windows\system32;C:\Windows;C:\Windows\system32;C:\Windows;C:\Windows\System32\Wbem;C:\Windows\System32\WindowsPowerShell\v1.0\;C:\Windows\System32\OpenSSH\;C:\Windows\CCM;C:\Windows\CCM;C:\Windows\system32\config\systemprofile\AppData\Local\Microsoft\WindowsApps;C:\OpenJDK-17.0.1\jdk-17.0.1\bin;C:\Program Files\PuTTY\;C:\Users\280660\AppData\Local\Microsoft\WindowsApps;C:\Users\280660\AppData\Local\Programs\Git\cmd;C:\Users\280660\AppData\Local\Programs\Microsoft VS Code\bin;C:\Users\280660\Downloads\apache-maven-3.9.6-bin (1)\apache-maven-3.9.6\bin;C:\mysql-8.4.0-winx64\bin;C:\mongodb-win32-x86_64-windows-7.0.11\bin;C:\mongosh-2.2.6-win32-x64\bin;C:\Users\280660\Downloads\ideaIC-2024.1.2.win\bin;C:\Users\280660\Downloads\allure-2.30.0\allure-2.30.0\bin;;."/>
    <property name="java.vm.info" value="mixed mode, sharing"/>
    <property name="java.vendor" value="Oracle Corporation"/>
    <property name="java.vm.version" value="17.0.1+12-39"/>
    <property name="sun.io.unicode.encoding" value="UnicodeLittle"/>
    <property name="java.class.version" value="61.0"/>
  </properties>
  <testcase name="Verify user can create a resource" classname="Validate create resource" time="3.577">
    <system-out><![CDATA[Request method:	POST
Request URI:	https://jsonplaceholder.typicode.com/posts
Proxy:			<none>
Request params:	<none>
Query params:	<none>
Form params:	<none>
Path params:	<none>
Headers:		Accept=*/*
				Content-Type=application/json
Cookies:		<none>
Multiparts:		<none>
Body:
{
    "title": "foo",
    "body": "bar",
    "userId": 1
}
HTTP/1.1 201 Created
Date: Mon, 05 Aug 2024 09:07:42 GMT
Content-Type: application/json; charset=utf-8
Content-Length: 65
Connection: keep-alive
Report-To: {"group":"heroku-nel","max_age":3600,"endpoints":[{"url":"https://nel.heroku.com/reports?ts=1722848861&sid=e11707d5-02a7-43ef-b45e-2cf4d2036f7d&s=FZtxorP7i8dm3nmIe9F%2FADic%2Big1viY%2BCY9LGO12EzE%3D"}]}
Reporting-Endpoints: heroku-nel=https://nel.heroku.com/reports?ts=1722848861&sid=e11707d5-02a7-43ef-b45e-2cf4d2036f7d&s=FZtxorP7i8dm3nmIe9F%2FADic%2Big1viY%2BCY9LGO12EzE%3D
Nel: {"report_to":"heroku-nel","max_age":3600,"success_fraction":0.005,"failure_fraction":0.05,"response_headers":["Via"]}
X-Powered-By: Express
X-Ratelimit-Limit: 1000
X-Ratelimit-Remaining: 998
X-Ratelimit-Reset: 1722848891
Vary: Origin, X-HTTP-Method-Override, Accept-Encoding
Access-Control-Allow-Credentials: true
Cache-Control: no-cache
Pragma: no-cache
Expires: -1
Access-Control-Expose-Headers: Location
Location: https://jsonplaceholder.typicode.com/posts/101
X-Content-Type-Options: nosniff
Etag: W/"41-GDNaWfnVU6RZhpLbye0veBaqcHA"
Via: 1.1 vegur
CF-Cache-Status: DYNAMIC
Server: cloudflare
CF-RAY: 8ae5a36b0b6a3748-MXP
alt-svc: h3=":443"; ma=86400

{
    "title": "foo",
    "body": "bar",
    "userId": 1,
    "id": 101
}
Request method:	GET
Request URI:	https://jsonplaceholder.typicode.com/posts/101
Proxy:			<none>
Request params:	<none>
Query params:	<none>
Form params:	<none>
Path params:	<none>
Headers:		Accept=*/*
				Content-Type=application/json
Cookies:		<none>
Multiparts:		<none>
Body:
{
    "title": "foo",
    "body": "bar",
    "userId": 1
}
HTTP/1.1 404 Not Found
Date: Mon, 05 Aug 2024 09:07:43 GMT
Content-Type: application/json; charset=utf-8
Content-Length: 2
Connection: keep-alive
Report-To: {"group":"heroku-nel","max_age":3600,"endpoints":[{"url":"https://nel.heroku.com/reports?ts=1722838168&sid=e11707d5-02a7-43ef-b45e-2cf4d2036f7d&s=4D1mW3%2FUkYJo%2Bz%2FGQjf5GnNWKa9OCXBaKuyzn2ZIlko%3D"}]}
Reporting-Endpoints: heroku-nel=https://nel.heroku.com/reports?ts=1722838168&sid=e11707d5-02a7-43ef-b45e-2cf4d2036f7d&s=4D1mW3%2FUkYJo%2Bz%2FGQjf5GnNWKa9OCXBaKuyzn2ZIlko%3D
Nel: {"report_to":"heroku-nel","max_age":3600,"success_fraction":0.005,"failure_fraction":0.05,"response_headers":["Via"]}
X-Powered-By: Express
X-Ratelimit-Limit: 1000
X-Ratelimit-Remaining: 999
X-Ratelimit-Reset: 1722838211
Vary: Origin, Accept-Encoding
Access-Control-Allow-Credentials: true
Cache-Control: max-age=43200
Pragma: no-cache
Expires: -1
X-Content-Type-Options: nosniff
Etag: W/"2-vyGp6PvFo4RvsFtPoIWeCReyIC8"
Via: 1.1 vegur
CF-Cache-Status: HIT
Age: 10695
Server: cloudflare
CF-RAY: 8ae5a372ea540e15-MXP
alt-svc: h3=":443"; ma=86400

{
    
}
]]></system-out>
  </testcase>
  <testcase name="Verify user can get resource" classname="Validate delete resource" time="1.139">
    <system-out><![CDATA[Request method:	DELETE
Request URI:	https://jsonplaceholder.typicode.com/posts/1
Proxy:			<none>
Request params:	<none>
Query params:	<none>
Form params:	<none>
Path params:	<none>
Headers:		Accept=*/*
				Content-Type=application/json
Cookies:		<none>
Multiparts:		<none>
Body:
{
    "title": "foo",
    "body": "bar",
    "userId": 1
}
HTTP/1.1 200 OK
Date: Mon, 05 Aug 2024 09:07:44 GMT
Content-Type: application/json; charset=utf-8
Content-Length: 2
Connection: keep-alive
Report-To: {"group":"heroku-nel","max_age":3600,"endpoints":[{"url":"https://nel.heroku.com/reports?ts=1722848864&sid=e11707d5-02a7-43ef-b45e-2cf4d2036f7d&s=gTWGQvCk6KCYzalFb4a2BWsKp%2Bv5AsmgiEMS4wv3fEM%3D"}]}
Reporting-Endpoints: heroku-nel=https://nel.heroku.com/reports?ts=1722848864&sid=e11707d5-02a7-43ef-b45e-2cf4d2036f7d&s=gTWGQvCk6KCYzalFb4a2BWsKp%2Bv5AsmgiEMS4wv3fEM%3D
Nel: {"report_to":"heroku-nel","max_age":3600,"success_fraction":0.005,"failure_fraction":0.05,"response_headers":["Via"]}
X-Powered-By: Express
X-Ratelimit-Limit: 1000
X-Ratelimit-Remaining: 997
X-Ratelimit-Reset: 1722848891
Vary: Origin, Accept-Encoding
Access-Control-Allow-Credentials: true
Cache-Control: no-cache
Pragma: no-cache
Expires: -1
X-Content-Type-Options: nosniff
Etag: W/"2-vyGp6PvFo4RvsFtPoIWeCReyIC8"
Via: 1.1 vegur
CF-Cache-Status: DYNAMIC
Server: cloudflare
CF-RAY: 8ae5a3787dae99c6-CDG
alt-svc: h3=":443"; ma=86400

{
    
}
]]></system-out>
  </testcase>
  <testcase name="Verify user can get resource" classname="Validate get resource" time="1.031">
    <system-out><![CDATA[Request method:	GET
Request URI:	https://jsonplaceholder.typicode.com/posts/1
Proxy:			<none>
Request params:	<none>
Query params:	<none>
Form params:	<none>
Path params:	<none>
Headers:		Accept=*/*
				Content-Type=application/json
Cookies:		<none>
Multiparts:		<none>
Body:
{
    "title": "foo",
    "body": "bar",
    "userId": 1
}
HTTP/1.1 200 OK
Date: Mon, 05 Aug 2024 09:07:45 GMT
Content-Type: application/json; charset=utf-8
Transfer-Encoding: chunked
Connection: keep-alive
Report-To: {"group":"heroku-nel","max_age":3600,"endpoints":[{"url":"https://nel.heroku.com/reports?ts=1710182097&sid=e11707d5-02a7-43ef-b45e-2cf4d2036f7d&s=fKdm2T1w7s0rUdsgIrKaxbRXRbknGQ7IQ6jA1AWeziU%3D"}]}
Reporting-Endpoints: heroku-nel=https://nel.heroku.com/reports?ts=1710182097&sid=e11707d5-02a7-43ef-b45e-2cf4d2036f7d&s=fKdm2T1w7s0rUdsgIrKaxbRXRbknGQ7IQ6jA1AWeziU%3D
Nel: {"report_to":"heroku-nel","max_age":3600,"success_fraction":0.005,"failure_fraction":0.05,"response_headers":["Via"]}
X-Powered-By: Express
X-Ratelimit-Limit: 1000
X-Ratelimit-Remaining: 999
X-Ratelimit-Reset: 1710182100
Vary: Origin, Accept-Encoding
Access-Control-Allow-Credentials: true
Cache-Control: max-age=43200
Pragma: no-cache
Expires: -1
X-Content-Type-Options: nosniff
Etag: W/"124-yiKdLzqO5gfBrJFrcdJ8Yq0LGnU"
Via: 1.1 vegur
CF-Cache-Status: HIT
Age: 19211
Server: cloudflare
CF-RAY: 8ae5a37fab05040d-CDG
Content-Encoding: gzip
alt-svc: h3=":443"; ma=86400

{
    "userId": 1,
    "id": 1,
    "title": "sunt aut facere repellat provident occaecati excepturi optio reprehenderit",
    "body": "quia et suscipit\nsuscipit recusandae consequuntur expedita et cum\nreprehenderit molestiae ut ut quas totam\nnostrum rerum est autem sunt rem eveniet architecto"
}
]]></system-out>
  </testcase>
  <testcase name="Verify user can create a resource" classname="Validate update resource" time="1.277">
    <system-out><![CDATA[Request method:	PUT
Request URI:	https://jsonplaceholder.typicode.com/posts/1
Proxy:			<none>
Request params:	<none>
Query params:	<none>
Form params:	<none>
Path params:	<none>
Headers:		Accept=*/*
				Content-Type=application/json
Cookies:		<none>
Multiparts:		<none>
Body:
{
    "title": "food",
    "body": "null",
    "userId": 10
}
HTTP/1.1 200 OK
Date: Mon, 05 Aug 2024 09:07:46 GMT
Content-Type: application/json; charset=utf-8
Transfer-Encoding: chunked
Connection: keep-alive
Report-To: {"group":"heroku-nel","max_age":3600,"endpoints":[{"url":"https://nel.heroku.com/reports?ts=1722848866&sid=e11707d5-02a7-43ef-b45e-2cf4d2036f7d&s=N6JJgmI9nqO0qtt1M3Kw%2ByMkxCY1KCiSLg6xkK5Onsw%3D"}]}
Reporting-Endpoints: heroku-nel=https://nel.heroku.com/reports?ts=1722848866&sid=e11707d5-02a7-43ef-b45e-2cf4d2036f7d&s=N6JJgmI9nqO0qtt1M3Kw%2ByMkxCY1KCiSLg6xkK5Onsw%3D
Nel: {"report_to":"heroku-nel","max_age":3600,"success_fraction":0.005,"failure_fraction":0.05,"response_headers":["Via"]}
X-Powered-By: Express
X-Ratelimit-Limit: 1000
X-Ratelimit-Remaining: 996
X-Ratelimit-Reset: 1722848891
Vary: Origin, Accept-Encoding
Access-Control-Allow-Credentials: true
Cache-Control: no-cache
Pragma: no-cache
Expires: -1
X-Content-Type-Options: nosniff
Etag: W/"42-Ymw4CRz0xKUWzxcvKUm8vLGjTyk"
Via: 1.1 vegur
CF-Cache-Status: DYNAMIC
Server: cloudflare
CF-RAY: 8ae5a38649370483-CDG
Content-Encoding: gzip
alt-svc: h3=":443"; ma=86400

{
    "title": "food",
    "body": "null",
    "userId": 10,
    "id": 1
}
]]></system-out>
  </testcase>
</testsuite>